<?xml version="1.0" encoding="UTF-8"?>
<robot generator="Robot 6.0.2 (Python 3.11.1 on darwin)" generated="20230317 20:13:07.628" rpa="false" schemaversion="3">
<suite id="s1" name="Tests" source="/Users/zacharysanchez/PycharmProjects/WikiRobotFrame/tests">
<suite id="s1-s1" name="Test Saving Wiki Articles" source="/Users/zacharysanchez/PycharmProjects/WikiRobotFrame/tests/test_saving_wiki_articles.robot">
<test id="s1-s1-t1" name="End To End Topic Search/Bookmark Validation" line="31">
<kw name="Open Browser With url" library="Generic" type="SETUP">
<kw name="Create Webdriver" library="SeleniumLibrary">
<arg>${browser_name}</arg>
<arg>executable_path=resources/${browser_name}</arg>
<doc>Creates an instance of Selenium WebDriver.</doc>
<msg timestamp="20230317 20:13:07.733" level="INFO">Creating an instance of the Firefox WebDriver.</msg>
<status status="PASS" starttime="20230317 20:13:07.733" endtime="20230317 20:13:11.628"/>
</kw>
<kw name="Go To" library="SeleniumLibrary">
<arg>${url}</arg>
<doc>Navigates the current browser window to the provided ``url``.</doc>
<msg timestamp="20230317 20:13:11.630" level="INFO">Opening url 'https://www.wikipedia.org/'</msg>
<status status="PASS" starttime="20230317 20:13:11.629" endtime="20230317 20:13:12.275"/>
</kw>
<status status="PASS" starttime="20230317 20:13:07.733" endtime="20230317 20:13:12.276"/>
</kw>
<kw name="Validate And Select Available Language" library="LanguagePage">
<arg>${language_choice}</arg>
<kw name="Wait Until Element Passed Is Visible" library="Generic">
<arg>${language_links}</arg>
<kw name="Wait Until Element Is Visible" library="SeleniumLibrary">
<arg>${page_locator}</arg>
<doc>Waits until the element ``locator`` is visible.</doc>
<status status="PASS" starttime="20230317 20:13:12.278" endtime="20230317 20:13:12.314"/>
</kw>
<status status="PASS" starttime="20230317 20:13:12.277" endtime="20230317 20:13:12.314"/>
</kw>
<kw name="Page Should Contain" library="SeleniumLibrary">
<arg>${language_choice}</arg>
<doc>Verifies that current page contains ``text``.</doc>
<msg timestamp="20230317 20:13:12.334" level="INFO">Current page contains text 'English'.</msg>
<status status="PASS" starttime="20230317 20:13:12.314" endtime="20230317 20:13:12.334"/>
</kw>
<kw name="Click Element" library="SeleniumLibrary">
<arg>xpath://div/a[strong='${language_choice}']</arg>
<doc>Click the element identified by ``locator``.</doc>
<msg timestamp="20230317 20:13:12.335" level="INFO">Clicking element 'xpath://div/a[strong='English']'.</msg>
<status status="PASS" starttime="20230317 20:13:12.334" endtime="20230317 20:13:17.010"/>
</kw>
<status status="PASS" starttime="20230317 20:13:12.276" endtime="20230317 20:13:17.011"/>
</kw>
<kw name="Click Link To Open Login Form" library="MainPage">
<kw name="Wait Until Element Passed Is Visible" library="Generic">
<arg>${featured_articles}</arg>
<kw name="Wait Until Element Is Visible" library="SeleniumLibrary">
<arg>${page_locator}</arg>
<doc>Waits until the element ``locator`` is visible.</doc>
<status status="PASS" starttime="20230317 20:13:17.011" endtime="20230317 20:13:17.073"/>
</kw>
<status status="PASS" starttime="20230317 20:13:17.011" endtime="20230317 20:13:17.073"/>
</kw>
<kw name="Click Element" library="SeleniumLibrary">
<arg>${go_to_login_page}</arg>
<doc>Click the element identified by ``locator``.</doc>
<msg timestamp="20230317 20:13:17.074" level="INFO">Clicking element 'css:#pt-login-2'.</msg>
<status status="PASS" starttime="20230317 20:13:17.073" endtime="20230317 20:13:18.153"/>
</kw>
<status status="PASS" starttime="20230317 20:13:17.011" endtime="20230317 20:13:18.153"/>
</kw>
<kw name="Fill The Login Form And Submit" library="LoginPage">
<arg>${user_name}</arg>
<arg>${valid_pass}</arg>
<kw name="Input Text" library="SeleniumLibrary">
<arg>css:#wpName1</arg>
<arg>${username}</arg>
<doc>Types the given ``text`` into the text field identified by ``locator``.</doc>
<msg timestamp="20230317 20:13:18.154" level="INFO">Typing text 'YellowIstari' into text field 'css:#wpName1'.</msg>
<status status="PASS" starttime="20230317 20:13:18.154" endtime="20230317 20:13:18.228"/>
</kw>
<kw name="Input Password" library="SeleniumLibrary">
<arg>css:#wpPassword1</arg>
<arg>${password}</arg>
<doc>Types the given password into the text field identified by ``locator``.</doc>
<msg timestamp="20230317 20:13:18.229" level="INFO">Typing password into text field 'css:#wpPassword1'.</msg>
<msg timestamp="20230317 20:13:18.244" level="INFO">Temporally setting log level to: NONE</msg>
<msg timestamp="20230317 20:13:18.256" level="INFO">Log level changed from NONE to INFO.</msg>
<status status="PASS" starttime="20230317 20:13:18.228" endtime="20230317 20:13:18.256"/>
</kw>
<kw name="Click Button" library="SeleniumLibrary">
<arg>${login_button}</arg>
<doc>Clicks the button identified by ``locator``.</doc>
<msg timestamp="20230317 20:13:18.257" level="INFO">Clicking button 'css:#wpLoginAttempt'.</msg>
<status status="PASS" starttime="20230317 20:13:18.256" endtime="20230317 20:13:25.591"/>
</kw>
<status status="PASS" starttime="20230317 20:13:18.153" endtime="20230317 20:13:25.591"/>
</kw>
<kw name="Search Topics And Save To Watchlist" library="Search">
<arg>${topic_list}</arg>
<msg timestamp="20230317 20:13:25.592" level="INFO">Typing text 'Francisco Goya' into text field 'css:#searchInput'.</msg>
<msg timestamp="20230317 20:13:26.061" level="INFO">Clicking button 'xpath://form[@id='searchform']/div/button'.</msg>
<msg timestamp="20230317 20:13:27.847" level="INFO">Clicking link 'xpath://ul/li[@id='ca-watch']/a'.</msg>
<msg timestamp="20230317 20:13:28.077" level="INFO">Typing text 'Spain' into text field 'css:#searchInput'.</msg>
<msg timestamp="20230317 20:13:28.330" level="INFO">Clicking button 'xpath://form[@id='searchform']/div/button'.</msg>
<msg timestamp="20230317 20:13:32.258" level="INFO">Clicking link 'xpath://ul/li[@id='ca-watch']/a'.</msg>
<msg timestamp="20230317 20:13:32.490" level="INFO">Typing text 'Modern art' into text field 'css:#searchInput'.</msg>
<msg timestamp="20230317 20:13:32.965" level="INFO">Clicking button 'xpath://form[@id='searchform']/div/button'.</msg>
<msg timestamp="20230317 20:13:34.874" level="INFO">Clicking link 'xpath://ul/li[@id='ca-watch']/a'.</msg>
<status status="PASS" starttime="20230317 20:13:25.591" endtime="20230317 20:13:35.114"/>
</kw>
<kw name="Verify Topics Are Saved And Logout" library="WatchlistPage">
<kw name="Click Element" library="SeleniumLibrary">
<arg>${watchlist_link}</arg>
<doc>Click the element identified by ``locator``.</doc>
<msg timestamp="20230317 20:13:35.115" level="INFO">Clicking element 'css:#pt-watchlist-2'.</msg>
<status status="PASS" starttime="20230317 20:13:35.115" endtime="20230317 20:13:36.322"/>
</kw>
<kw name="Wait Until Element Passed Is Visible" library="Generic">
<arg>${edit_watchlist}</arg>
<kw name="Wait Until Element Is Visible" library="SeleniumLibrary">
<arg>${page_locator}</arg>
<doc>Waits until the element ``locator`` is visible.</doc>
<status status="PASS" starttime="20230317 20:13:36.322" endtime="20230317 20:13:37.062"/>
</kw>
<status status="PASS" starttime="20230317 20:13:36.322" endtime="20230317 20:13:37.063"/>
</kw>
<kw name="Click Element" library="SeleniumLibrary">
<arg>${edit_watchlist}</arg>
<doc>Click the element identified by ``locator``.</doc>
<msg timestamp="20230317 20:13:37.063" level="INFO">Clicking element 'xpath:(//div/span/a/span)[2]'.</msg>
<status status="PASS" starttime="20230317 20:13:37.063" endtime="20230317 20:13:37.695"/>
</kw>
<kw name="Get WebElements" library="SeleniumLibrary">
<var>@{article_titles}</var>
<arg>xpath://div[@id='ooui-php-6']/div/div/span/label/a</arg>
<doc>Returns a list of WebElement objects matching the ``locator``.</doc>
<msg timestamp="20230317 20:13:37.732" level="INFO">@{article_titles} = [ &lt;selenium.webdriver.remote.webelement.WebElement (session="4c931070-1338-482d-980c-306aadb92c24", element="848edbf9-0ed4-41a6-97c9-6666b7742d65")&gt; | &lt;selenium.webdriver.remote.webelement.WebElement ...</msg>
<status status="PASS" starttime="20230317 20:13:37.695" endtime="20230317 20:13:37.732"/>
</kw>
<for flavor="IN">
<var>${topic}</var>
<value>@{topic_list}</value>
<iter>
<var name="${topic}">Francisco Goya</var>
<kw name="Page Should Contain" library="SeleniumLibrary">
<arg>${topic}</arg>
<doc>Verifies that current page contains ``text``.</doc>
<msg timestamp="20230317 20:13:37.762" level="INFO">Current page contains text 'Francisco Goya'.</msg>
<status status="PASS" starttime="20230317 20:13:37.733" endtime="20230317 20:13:37.762"/>
</kw>
<kw name="Log" library="BuiltIn">
<arg>${topic}</arg>
<doc>Logs the given message with the given level.</doc>
<msg timestamp="20230317 20:13:37.762" level="INFO">Francisco Goya</msg>
<status status="PASS" starttime="20230317 20:13:37.762" endtime="20230317 20:13:37.762"/>
</kw>
<status status="PASS" starttime="20230317 20:13:37.733" endtime="20230317 20:13:37.762"/>
</iter>
<iter>
<var name="${topic}">Spain</var>
<kw name="Page Should Contain" library="SeleniumLibrary">
<arg>${topic}</arg>
<doc>Verifies that current page contains ``text``.</doc>
<msg timestamp="20230317 20:13:37.767" level="INFO">Current page contains text 'Spain'.</msg>
<status status="PASS" starttime="20230317 20:13:37.762" endtime="20230317 20:13:37.767"/>
</kw>
<kw name="Log" library="BuiltIn">
<arg>${topic}</arg>
<doc>Logs the given message with the given level.</doc>
<msg timestamp="20230317 20:13:37.767" level="INFO">Spain</msg>
<status status="PASS" starttime="20230317 20:13:37.767" endtime="20230317 20:13:37.767"/>
</kw>
<status status="PASS" starttime="20230317 20:13:37.762" endtime="20230317 20:13:37.767"/>
</iter>
<iter>
<var name="${topic}">Modern art</var>
<kw name="Page Should Contain" library="SeleniumLibrary">
<arg>${topic}</arg>
<doc>Verifies that current page contains ``text``.</doc>
<msg timestamp="20230317 20:13:37.772" level="INFO">Current page contains text 'Modern art'.</msg>
<status status="PASS" starttime="20230317 20:13:37.767" endtime="20230317 20:13:37.772"/>
</kw>
<kw name="Log" library="BuiltIn">
<arg>${topic}</arg>
<doc>Logs the given message with the given level.</doc>
<msg timestamp="20230317 20:13:37.773" level="INFO">Modern art</msg>
<status status="PASS" starttime="20230317 20:13:37.772" endtime="20230317 20:13:37.773"/>
</kw>
<status status="PASS" starttime="20230317 20:13:37.767" endtime="20230317 20:13:37.773"/>
</iter>
<status status="PASS" starttime="20230317 20:13:37.733" endtime="20230317 20:13:37.773"/>
</for>
<kw name="Click Button" library="SeleniumLibrary">
<arg>${user_options_dropdown}</arg>
<doc>Clicks the button identified by ``locator``.</doc>
<msg timestamp="20230317 20:13:37.773" level="INFO">Clicking button 'css:#vector-user-links-dropdown-checkbox'.</msg>
<status status="PASS" starttime="20230317 20:13:37.773" endtime="20230317 20:13:37.997"/>
</kw>
<kw name="Sleep" library="BuiltIn">
<arg>2</arg>
<doc>Pauses the test executed for the given time.</doc>
<msg timestamp="20230317 20:13:39.998" level="INFO">Slept 2 seconds</msg>
<status status="PASS" starttime="20230317 20:13:37.998" endtime="20230317 20:13:39.999"/>
</kw>
<kw name="Click Link" library="SeleniumLibrary">
<arg>${logout_button}</arg>
<doc>Clicks a link identified by ``locator``.</doc>
<msg timestamp="20230317 20:13:40.001" level="INFO">Clicking link 'css:a[title='Log out']'.</msg>
<status status="PASS" starttime="20230317 20:13:40.000" endtime="20230317 20:13:40.243"/>
</kw>
<kw name="Wait Until Element Passed Is Visible" library="Generic">
<arg>${confirm_logout}</arg>
<kw name="Wait Until Element Is Visible" library="SeleniumLibrary">
<arg>${page_locator}</arg>
<doc>Waits until the element ``locator`` is visible.</doc>
<status status="PASS" starttime="20230317 20:13:40.244" endtime="20230317 20:13:40.266"/>
</kw>
<status status="PASS" starttime="20230317 20:13:40.244" endtime="20230317 20:13:40.266"/>
</kw>
<kw name="Page Should Contain" library="SeleniumLibrary">
<arg>Log out</arg>
<doc>Verifies that current page contains ``text``.</doc>
<msg timestamp="20230317 20:13:40.277" level="INFO">Current page contains text 'Log out'.</msg>
<status status="PASS" starttime="20230317 20:13:40.266" endtime="20230317 20:13:40.277"/>
</kw>
<status status="PASS" starttime="20230317 20:13:35.114" endtime="20230317 20:13:40.277"/>
</kw>
<kw name="Close Browser Session" library="Generic" type="TEARDOWN">
<kw name="Delete All Cookies" library="SeleniumLibrary">
<doc>Deletes all cookies.</doc>
<status status="PASS" starttime="20230317 20:13:40.278" endtime="20230317 20:13:40.284"/>
</kw>
<kw name="Close Browser" library="SeleniumLibrary">
<doc>Closes the current browser.</doc>
<status status="PASS" starttime="20230317 20:13:40.285" endtime="20230317 20:13:40.738"/>
</kw>
<status status="PASS" starttime="20230317 20:13:40.277" endtime="20230317 20:13:40.738"/>
</kw>
<tag>REGRESSION</tag>
<status status="PASS" starttime="20230317 20:13:07.733" endtime="20230317 20:13:40.738"/>
</test>
<doc>To validate the Login form</doc>
<status status="PASS" starttime="20230317 20:13:07.637" endtime="20230317 20:13:40.739"/>
</suite>
<status status="PASS" starttime="20230317 20:13:07.631" endtime="20230317 20:13:40.739"/>
</suite>
<statistics>
<total>
<stat pass="1" fail="0" skip="0">All Tests</stat>
</total>
<tag>
<stat pass="1" fail="0" skip="0">REGRESSION</stat>
</tag>
<suite>
<stat pass="1" fail="0" skip="0" id="s1" name="Tests">Tests</stat>
<stat pass="1" fail="0" skip="0" id="s1-s1" name="Test Saving Wiki Articles">Tests.Test Saving Wiki Articles</stat>
</suite>
</statistics>
<errors>
</errors>
</robot>
